The system is: Linux - 3.18.113-rt103 - i686
Compiling the C compiler identification source file "CMakeCCompilerId.c" succeeded.
Compiler: /usr/bin/cc 
Build flags: 
Id flags: 

The output was:
0


Compilation of the C compiler identification source "CMakeCCompilerId.c" produced "a.out"

The C compiler identification is GNU, found in "/home/munzir/project/krang/demos/23-mpc-hardware-experiment/build/CMakeFiles/3.0.2/CompilerIdC/a.out"

Compiling the CXX compiler identification source file "CMakeCXXCompilerId.cpp" succeeded.
Compiler: /usr/bin/c++ 
Build flags: 
Id flags: 

The output was:
0


Compilation of the CXX compiler identification source "CMakeCXXCompilerId.cpp" produced "a.out"

The CXX compiler identification is GNU, found in "/home/munzir/project/krang/demos/23-mpc-hardware-experiment/build/CMakeFiles/3.0.2/CompilerIdCXX/a.out"

Determining if the C compiler works passed with the following output:
Change Dir: /home/munzir/project/krang/demos/23-mpc-hardware-experiment/build/CMakeFiles/CMakeTmp

Run Build Command:"/usr/bin/make" "cmTryCompileExec1890590547/fast"
/usr/bin/make -f CMakeFiles/cmTryCompileExec1890590547.dir/build.make CMakeFiles/cmTryCompileExec1890590547.dir/build
make[1]: Entering directory '/home/munzir/project/krang/demos/23-mpc-hardware-experiment/build/CMakeFiles/CMakeTmp'
/usr/bin/cmake -E cmake_progress_report /home/munzir/project/krang/demos/23-mpc-hardware-experiment/build/CMakeFiles/CMakeTmp/CMakeFiles 1
Building C object CMakeFiles/cmTryCompileExec1890590547.dir/testCCompiler.c.o
/usr/bin/cc    -o CMakeFiles/cmTryCompileExec1890590547.dir/testCCompiler.c.o   -c /home/munzir/project/krang/demos/23-mpc-hardware-experiment/build/CMakeFiles/CMakeTmp/testCCompiler.c
Linking C executable cmTryCompileExec1890590547
/usr/bin/cmake -E cmake_link_script CMakeFiles/cmTryCompileExec1890590547.dir/link.txt --verbose=1
/usr/bin/cc       CMakeFiles/cmTryCompileExec1890590547.dir/testCCompiler.c.o  -o cmTryCompileExec1890590547 -rdynamic 
make[1]: Leaving directory '/home/munzir/project/krang/demos/23-mpc-hardware-experiment/build/CMakeFiles/CMakeTmp'


Detecting C compiler ABI info compiled with the following output:
Change Dir: /home/munzir/project/krang/demos/23-mpc-hardware-experiment/build/CMakeFiles/CMakeTmp

Run Build Command:"/usr/bin/make" "cmTryCompileExec906214500/fast"
/usr/bin/make -f CMakeFiles/cmTryCompileExec906214500.dir/build.make CMakeFiles/cmTryCompileExec906214500.dir/build
make[1]: Entering directory '/home/munzir/project/krang/demos/23-mpc-hardware-experiment/build/CMakeFiles/CMakeTmp'
/usr/bin/cmake -E cmake_progress_report /home/munzir/project/krang/demos/23-mpc-hardware-experiment/build/CMakeFiles/CMakeTmp/CMakeFiles 1
Building C object CMakeFiles/cmTryCompileExec906214500.dir/CMakeCCompilerABI.c.o
/usr/bin/cc    -o CMakeFiles/cmTryCompileExec906214500.dir/CMakeCCompilerABI.c.o   -c /usr/share/cmake-3.0/Modules/CMakeCCompilerABI.c
Linking C executable cmTryCompileExec906214500
/usr/bin/cmake -E cmake_link_script CMakeFiles/cmTryCompileExec906214500.dir/link.txt --verbose=1
/usr/bin/cc     -v CMakeFiles/cmTryCompileExec906214500.dir/CMakeCCompilerABI.c.o  -o cmTryCompileExec906214500 -rdynamic  
Using built-in specs.
COLLECT_GCC=/usr/bin/cc
COLLECT_LTO_WRAPPER=/usr/lib/gcc/i586-linux-gnu/4.9/lto-wrapper
Target: i586-linux-gnu
Configured with: ../src/configure -v --with-pkgversion='Debian 4.9.2-10+deb8u1' --with-bugurl=file:///usr/share/doc/gcc-4.9/README.Bugs --enable-languages=c,c++,java,go,d,fortran,objc,obj-c++ --prefix=/usr --program-suffix=-4.9 --enable-shared --enable-linker-build-id --libexecdir=/usr/lib --without-included-gettext --enable-threads=posix --with-gxx-include-dir=/usr/include/c++/4.9 --libdir=/usr/lib --enable-nls --with-sysroot=/ --enable-clocale=gnu --enable-libstdcxx-debug --enable-libstdcxx-time=yes --enable-gnu-unique-object --disable-vtable-verify --enable-plugin --with-system-zlib --disable-browser-plugin --enable-java-awt=gtk --enable-gtk-cairo --with-java-home=/usr/lib/jvm/java-1.5.0-gcj-4.9-i386/jre --enable-java-home --with-jvm-root-dir=/usr/lib/jvm/java-1.5.0-gcj-4.9-i386 --with-jvm-jar-dir=/usr/lib/jvm-exports/java-1.5.0-gcj-4.9-i386 --with-arch-directory=i386 --with-ecj-jar=/usr/share/java/eclipse-ecj.jar --enable-objc-gc --enable-targets=all --enable-multiarch --with-arch-32=i586 --with-multilib-list=m32,m64,mx32 --enable-multilib --with-tune=generic --enable-checking=release --build=i586-linux-gnu --host=i586-linux-gnu --target=i586-linux-gnu
Thread model: posix
gcc version 4.9.2 (Debian 4.9.2-10+deb8u1) 
COMPILER_PATH=/usr/lib/gcc/i586-linux-gnu/4.9/:/usr/lib/gcc/i586-linux-gnu/4.9/:/usr/lib/gcc/i586-linux-gnu/:/usr/lib/gcc/i586-linux-gnu/4.9/:/usr/lib/gcc/i586-linux-gnu/
LIBRARY_PATH=/usr/lib/gcc/i586-linux-gnu/4.9/:/usr/lib/gcc/i586-linux-gnu/4.9/../../../i386-linux-gnu/:/usr/lib/gcc/i586-linux-gnu/4.9/../../../../lib/:/lib/i386-linux-gnu/:/lib/../lib/:/usr/lib/i386-linux-gnu/:/usr/lib/../lib/:/usr/lib/gcc/i586-linux-gnu/4.9/../../../:/lib/:/usr/lib/
COLLECT_GCC_OPTIONS='-v' '-o' 'cmTryCompileExec906214500' '-rdynamic' '-mtune=generic' '-march=i586'
 /usr/lib/gcc/i586-linux-gnu/4.9/collect2 -plugin /usr/lib/gcc/i586-linux-gnu/4.9/liblto_plugin.so -plugin-opt=/usr/lib/gcc/i586-linux-gnu/4.9/lto-wrapper -plugin-opt=-fresolution=/tmp/ccAhxUzH.res -plugin-opt=-pass-through=-lgcc -plugin-opt=-pass-through=-lgcc_s -plugin-opt=-pass-through=-lc -plugin-opt=-pass-through=-lgcc -plugin-opt=-pass-through=-lgcc_s --sysroot=/ --build-id --eh-frame-hdr -m elf_i386 --hash-style=gnu -export-dynamic -dynamic-linker /lib/ld-linux.so.2 -o cmTryCompileExec906214500 /usr/lib/gcc/i586-linux-gnu/4.9/../../../i386-linux-gnu/crt1.o /usr/lib/gcc/i586-linux-gnu/4.9/../../../i386-linux-gnu/crti.o /usr/lib/gcc/i586-linux-gnu/4.9/crtbegin.o -L/usr/lib/gcc/i586-linux-gnu/4.9 -L/usr/lib/gcc/i586-linux-gnu/4.9/../../../i386-linux-gnu -L/usr/lib/gcc/i586-linux-gnu/4.9/../../../../lib -L/lib/i386-linux-gnu -L/lib/../lib -L/usr/lib/i386-linux-gnu -L/usr/lib/../lib -L/usr/lib/gcc/i586-linux-gnu/4.9/../../.. CMakeFiles/cmTryCompileExec906214500.dir/CMakeCCompilerABI.c.o -lgcc --as-needed -lgcc_s --no-as-needed -lc -lgcc --as-needed -lgcc_s --no-as-needed /usr/lib/gcc/i586-linux-gnu/4.9/crtend.o /usr/lib/gcc/i586-linux-gnu/4.9/../../../i386-linux-gnu/crtn.o
make[1]: Leaving directory '/home/munzir/project/krang/demos/23-mpc-hardware-experiment/build/CMakeFiles/CMakeTmp'


Parsed C implicit link information from above output:
  link line regex: [^( *|.*[/\])(ld|([^/\]+-)?ld|collect2)[^/\]*( |$)]
  ignore line: [Change Dir: /home/munzir/project/krang/demos/23-mpc-hardware-experiment/build/CMakeFiles/CMakeTmp]
  ignore line: []
  ignore line: [Run Build Command:"/usr/bin/make" "cmTryCompileExec906214500/fast"]
  ignore line: [/usr/bin/make -f CMakeFiles/cmTryCompileExec906214500.dir/build.make CMakeFiles/cmTryCompileExec906214500.dir/build]
  ignore line: [make[1]: Entering directory '/home/munzir/project/krang/demos/23-mpc-hardware-experiment/build/CMakeFiles/CMakeTmp']
  ignore line: [/usr/bin/cmake -E cmake_progress_report /home/munzir/project/krang/demos/23-mpc-hardware-experiment/build/CMakeFiles/CMakeTmp/CMakeFiles 1]
  ignore line: [Building C object CMakeFiles/cmTryCompileExec906214500.dir/CMakeCCompilerABI.c.o]
  ignore line: [/usr/bin/cc    -o CMakeFiles/cmTryCompileExec906214500.dir/CMakeCCompilerABI.c.o   -c /usr/share/cmake-3.0/Modules/CMakeCCompilerABI.c]
  ignore line: [Linking C executable cmTryCompileExec906214500]
  ignore line: [/usr/bin/cmake -E cmake_link_script CMakeFiles/cmTryCompileExec906214500.dir/link.txt --verbose=1]
  ignore line: [/usr/bin/cc     -v CMakeFiles/cmTryCompileExec906214500.dir/CMakeCCompilerABI.c.o  -o cmTryCompileExec906214500 -rdynamic  ]
  ignore line: [Using built-in specs.]
  ignore line: [COLLECT_GCC=/usr/bin/cc]
  ignore line: [COLLECT_LTO_WRAPPER=/usr/lib/gcc/i586-linux-gnu/4.9/lto-wrapper]
  ignore line: [Target: i586-linux-gnu]
  ignore line: [Configured with: ../src/configure -v --with-pkgversion='Debian 4.9.2-10+deb8u1' --with-bugurl=file:///usr/share/doc/gcc-4.9/README.Bugs --enable-languages=c,c++,java,go,d,fortran,objc,obj-c++ --prefix=/usr --program-suffix=-4.9 --enable-shared --enable-linker-build-id --libexecdir=/usr/lib --without-included-gettext --enable-threads=posix --with-gxx-include-dir=/usr/include/c++/4.9 --libdir=/usr/lib --enable-nls --with-sysroot=/ --enable-clocale=gnu --enable-libstdcxx-debug --enable-libstdcxx-time=yes --enable-gnu-unique-object --disable-vtable-verify --enable-plugin --with-system-zlib --disable-browser-plugin --enable-java-awt=gtk --enable-gtk-cairo --with-java-home=/usr/lib/jvm/java-1.5.0-gcj-4.9-i386/jre --enable-java-home --with-jvm-root-dir=/usr/lib/jvm/java-1.5.0-gcj-4.9-i386 --with-jvm-jar-dir=/usr/lib/jvm-exports/java-1.5.0-gcj-4.9-i386 --with-arch-directory=i386 --with-ecj-jar=/usr/share/java/eclipse-ecj.jar --enable-objc-gc --enable-targets=all --enable-multiarch --with-arch-32=i586 --with-multilib-list=m32,m64,mx32 --enable-multilib --with-tune=generic --enable-checking=release --build=i586-linux-gnu --host=i586-linux-gnu --target=i586-linux-gnu]
  ignore line: [Thread model: posix]
  ignore line: [gcc version 4.9.2 (Debian 4.9.2-10+deb8u1) ]
  ignore line: [COMPILER_PATH=/usr/lib/gcc/i586-linux-gnu/4.9/:/usr/lib/gcc/i586-linux-gnu/4.9/:/usr/lib/gcc/i586-linux-gnu/:/usr/lib/gcc/i586-linux-gnu/4.9/:/usr/lib/gcc/i586-linux-gnu/]
  ignore line: [LIBRARY_PATH=/usr/lib/gcc/i586-linux-gnu/4.9/:/usr/lib/gcc/i586-linux-gnu/4.9/../../../i386-linux-gnu/:/usr/lib/gcc/i586-linux-gnu/4.9/../../../../lib/:/lib/i386-linux-gnu/:/lib/../lib/:/usr/lib/i386-linux-gnu/:/usr/lib/../lib/:/usr/lib/gcc/i586-linux-gnu/4.9/../../../:/lib/:/usr/lib/]
  ignore line: [COLLECT_GCC_OPTIONS='-v' '-o' 'cmTryCompileExec906214500' '-rdynamic' '-mtune=generic' '-march=i586']
  link line: [ /usr/lib/gcc/i586-linux-gnu/4.9/collect2 -plugin /usr/lib/gcc/i586-linux-gnu/4.9/liblto_plugin.so -plugin-opt=/usr/lib/gcc/i586-linux-gnu/4.9/lto-wrapper -plugin-opt=-fresolution=/tmp/ccAhxUzH.res -plugin-opt=-pass-through=-lgcc -plugin-opt=-pass-through=-lgcc_s -plugin-opt=-pass-through=-lc -plugin-opt=-pass-through=-lgcc -plugin-opt=-pass-through=-lgcc_s --sysroot=/ --build-id --eh-frame-hdr -m elf_i386 --hash-style=gnu -export-dynamic -dynamic-linker /lib/ld-linux.so.2 -o cmTryCompileExec906214500 /usr/lib/gcc/i586-linux-gnu/4.9/../../../i386-linux-gnu/crt1.o /usr/lib/gcc/i586-linux-gnu/4.9/../../../i386-linux-gnu/crti.o /usr/lib/gcc/i586-linux-gnu/4.9/crtbegin.o -L/usr/lib/gcc/i586-linux-gnu/4.9 -L/usr/lib/gcc/i586-linux-gnu/4.9/../../../i386-linux-gnu -L/usr/lib/gcc/i586-linux-gnu/4.9/../../../../lib -L/lib/i386-linux-gnu -L/lib/../lib -L/usr/lib/i386-linux-gnu -L/usr/lib/../lib -L/usr/lib/gcc/i586-linux-gnu/4.9/../../.. CMakeFiles/cmTryCompileExec906214500.dir/CMakeCCompilerABI.c.o -lgcc --as-needed -lgcc_s --no-as-needed -lc -lgcc --as-needed -lgcc_s --no-as-needed /usr/lib/gcc/i586-linux-gnu/4.9/crtend.o /usr/lib/gcc/i586-linux-gnu/4.9/../../../i386-linux-gnu/crtn.o]
    arg [/usr/lib/gcc/i586-linux-gnu/4.9/collect2] ==> ignore
    arg [-plugin] ==> ignore
    arg [/usr/lib/gcc/i586-linux-gnu/4.9/liblto_plugin.so] ==> ignore
    arg [-plugin-opt=/usr/lib/gcc/i586-linux-gnu/4.9/lto-wrapper] ==> ignore
    arg [-plugin-opt=-fresolution=/tmp/ccAhxUzH.res] ==> ignore
    arg [-plugin-opt=-pass-through=-lgcc] ==> ignore
    arg [-plugin-opt=-pass-through=-lgcc_s] ==> ignore
    arg [-plugin-opt=-pass-through=-lc] ==> ignore
    arg [-plugin-opt=-pass-through=-lgcc] ==> ignore
    arg [-plugin-opt=-pass-through=-lgcc_s] ==> ignore
    arg [--sysroot=/] ==> ignore
    arg [--build-id] ==> ignore
    arg [--eh-frame-hdr] ==> ignore
    arg [-m] ==> ignore
    arg [elf_i386] ==> ignore
    arg [--hash-style=gnu] ==> ignore
    arg [-export-dynamic] ==> ignore
    arg [-dynamic-linker] ==> ignore
    arg [/lib/ld-linux.so.2] ==> ignore
    arg [-o] ==> ignore
    arg [cmTryCompileExec906214500] ==> ignore
    arg [/usr/lib/gcc/i586-linux-gnu/4.9/../../../i386-linux-gnu/crt1.o] ==> ignore
    arg [/usr/lib/gcc/i586-linux-gnu/4.9/../../../i386-linux-gnu/crti.o] ==> ignore
    arg [/usr/lib/gcc/i586-linux-gnu/4.9/crtbegin.o] ==> ignore
    arg [-L/usr/lib/gcc/i586-linux-gnu/4.9] ==> dir [/usr/lib/gcc/i586-linux-gnu/4.9]
    arg [-L/usr/lib/gcc/i586-linux-gnu/4.9/../../../i386-linux-gnu] ==> dir [/usr/lib/gcc/i586-linux-gnu/4.9/../../../i386-linux-gnu]
    arg [-L/usr/lib/gcc/i586-linux-gnu/4.9/../../../../lib] ==> dir [/usr/lib/gcc/i586-linux-gnu/4.9/../../../../lib]
    arg [-L/lib/i386-linux-gnu] ==> dir [/lib/i386-linux-gnu]
    arg [-L/lib/../lib] ==> dir [/lib/../lib]
    arg [-L/usr/lib/i386-linux-gnu] ==> dir [/usr/lib/i386-linux-gnu]
    arg [-L/usr/lib/../lib] ==> dir [/usr/lib/../lib]
    arg [-L/usr/lib/gcc/i586-linux-gnu/4.9/../../..] ==> dir [/usr/lib/gcc/i586-linux-gnu/4.9/../../..]
    arg [CMakeFiles/cmTryCompileExec906214500.dir/CMakeCCompilerABI.c.o] ==> ignore
    arg [-lgcc] ==> lib [gcc]
    arg [--as-needed] ==> ignore
    arg [-lgcc_s] ==> lib [gcc_s]
    arg [--no-as-needed] ==> ignore
    arg [-lc] ==> lib [c]
    arg [-lgcc] ==> lib [gcc]
    arg [--as-needed] ==> ignore
    arg [-lgcc_s] ==> lib [gcc_s]
    arg [--no-as-needed] ==> ignore
    arg [/usr/lib/gcc/i586-linux-gnu/4.9/crtend.o] ==> ignore
    arg [/usr/lib/gcc/i586-linux-gnu/4.9/../../../i386-linux-gnu/crtn.o] ==> ignore
  remove lib [gcc]
  remove lib [gcc_s]
  remove lib [gcc]
  remove lib [gcc_s]
  collapse library dir [/usr/lib/gcc/i586-linux-gnu/4.9] ==> [/usr/lib/gcc/i586-linux-gnu/4.9]
  collapse library dir [/usr/lib/gcc/i586-linux-gnu/4.9/../../../i386-linux-gnu] ==> [/usr/lib/i386-linux-gnu]
  collapse library dir [/usr/lib/gcc/i586-linux-gnu/4.9/../../../../lib] ==> [/usr/lib]
  collapse library dir [/lib/i386-linux-gnu] ==> [/lib/i386-linux-gnu]
  collapse library dir [/lib/../lib] ==> [/lib]
  collapse library dir [/usr/lib/i386-linux-gnu] ==> [/usr/lib/i386-linux-gnu]
  collapse library dir [/usr/lib/../lib] ==> [/usr/lib]
  collapse library dir [/usr/lib/gcc/i586-linux-gnu/4.9/../../..] ==> [/usr/lib]
  implicit libs: [c]
  implicit dirs: [/usr/lib/gcc/i586-linux-gnu/4.9;/usr/lib/i386-linux-gnu;/usr/lib;/lib/i386-linux-gnu;/lib]
  implicit fwks: []


Determining if the CXX compiler works passed with the following output:
Change Dir: /home/munzir/project/krang/demos/23-mpc-hardware-experiment/build/CMakeFiles/CMakeTmp

Run Build Command:"/usr/bin/make" "cmTryCompileExec2364365631/fast"
/usr/bin/make -f CMakeFiles/cmTryCompileExec2364365631.dir/build.make CMakeFiles/cmTryCompileExec2364365631.dir/build
make[1]: Entering directory '/home/munzir/project/krang/demos/23-mpc-hardware-experiment/build/CMakeFiles/CMakeTmp'
/usr/bin/cmake -E cmake_progress_report /home/munzir/project/krang/demos/23-mpc-hardware-experiment/build/CMakeFiles/CMakeTmp/CMakeFiles 1
Building CXX object CMakeFiles/cmTryCompileExec2364365631.dir/testCXXCompiler.cxx.o
/usr/bin/c++     -o CMakeFiles/cmTryCompileExec2364365631.dir/testCXXCompiler.cxx.o -c /home/munzir/project/krang/demos/23-mpc-hardware-experiment/build/CMakeFiles/CMakeTmp/testCXXCompiler.cxx
Linking CXX executable cmTryCompileExec2364365631
/usr/bin/cmake -E cmake_link_script CMakeFiles/cmTryCompileExec2364365631.dir/link.txt --verbose=1
/usr/bin/c++        CMakeFiles/cmTryCompileExec2364365631.dir/testCXXCompiler.cxx.o  -o cmTryCompileExec2364365631 -rdynamic 
make[1]: Leaving directory '/home/munzir/project/krang/demos/23-mpc-hardware-experiment/build/CMakeFiles/CMakeTmp'


Detecting CXX compiler ABI info compiled with the following output:
Change Dir: /home/munzir/project/krang/demos/23-mpc-hardware-experiment/build/CMakeFiles/CMakeTmp

Run Build Command:"/usr/bin/make" "cmTryCompileExec989444471/fast"
/usr/bin/make -f CMakeFiles/cmTryCompileExec989444471.dir/build.make CMakeFiles/cmTryCompileExec989444471.dir/build
make[1]: Entering directory '/home/munzir/project/krang/demos/23-mpc-hardware-experiment/build/CMakeFiles/CMakeTmp'
/usr/bin/cmake -E cmake_progress_report /home/munzir/project/krang/demos/23-mpc-hardware-experiment/build/CMakeFiles/CMakeTmp/CMakeFiles 1
Building CXX object CMakeFiles/cmTryCompileExec989444471.dir/CMakeCXXCompilerABI.cpp.o
/usr/bin/c++     -o CMakeFiles/cmTryCompileExec989444471.dir/CMakeCXXCompilerABI.cpp.o -c /usr/share/cmake-3.0/Modules/CMakeCXXCompilerABI.cpp
Linking CXX executable cmTryCompileExec989444471
/usr/bin/cmake -E cmake_link_script CMakeFiles/cmTryCompileExec989444471.dir/link.txt --verbose=1
/usr/bin/c++      -v CMakeFiles/cmTryCompileExec989444471.dir/CMakeCXXCompilerABI.cpp.o  -o cmTryCompileExec989444471 -rdynamic  
Using built-in specs.
COLLECT_GCC=/usr/bin/c++
COLLECT_LTO_WRAPPER=/usr/lib/gcc/i586-linux-gnu/4.9/lto-wrapper
Target: i586-linux-gnu
Configured with: ../src/configure -v --with-pkgversion='Debian 4.9.2-10+deb8u1' --with-bugurl=file:///usr/share/doc/gcc-4.9/README.Bugs --enable-languages=c,c++,java,go,d,fortran,objc,obj-c++ --prefix=/usr --program-suffix=-4.9 --enable-shared --enable-linker-build-id --libexecdir=/usr/lib --without-included-gettext --enable-threads=posix --with-gxx-include-dir=/usr/include/c++/4.9 --libdir=/usr/lib --enable-nls --with-sysroot=/ --enable-clocale=gnu --enable-libstdcxx-debug --enable-libstdcxx-time=yes --enable-gnu-unique-object --disable-vtable-verify --enable-plugin --with-system-zlib --disable-browser-plugin --enable-java-awt=gtk --enable-gtk-cairo --with-java-home=/usr/lib/jvm/java-1.5.0-gcj-4.9-i386/jre --enable-java-home --with-jvm-root-dir=/usr/lib/jvm/java-1.5.0-gcj-4.9-i386 --with-jvm-jar-dir=/usr/lib/jvm-exports/java-1.5.0-gcj-4.9-i386 --with-arch-directory=i386 --with-ecj-jar=/usr/share/java/eclipse-ecj.jar --enable-objc-gc --enable-targets=all --enable-multiarch --with-arch-32=i586 --with-multilib-list=m32,m64,mx32 --enable-multilib --with-tune=generic --enable-checking=release --build=i586-linux-gnu --host=i586-linux-gnu --target=i586-linux-gnu
Thread model: posix
gcc version 4.9.2 (Debian 4.9.2-10+deb8u1) 
COMPILER_PATH=/usr/lib/gcc/i586-linux-gnu/4.9/:/usr/lib/gcc/i586-linux-gnu/4.9/:/usr/lib/gcc/i586-linux-gnu/:/usr/lib/gcc/i586-linux-gnu/4.9/:/usr/lib/gcc/i586-linux-gnu/
LIBRARY_PATH=/usr/lib/gcc/i586-linux-gnu/4.9/:/usr/lib/gcc/i586-linux-gnu/4.9/../../../i386-linux-gnu/:/usr/lib/gcc/i586-linux-gnu/4.9/../../../../lib/:/lib/i386-linux-gnu/:/lib/../lib/:/usr/lib/i386-linux-gnu/:/usr/lib/../lib/:/usr/lib/gcc/i586-linux-gnu/4.9/../../../:/lib/:/usr/lib/
COLLECT_GCC_OPTIONS='-v' '-o' 'cmTryCompileExec989444471' '-rdynamic' '-shared-libgcc' '-mtune=generic' '-march=i586'
 /usr/lib/gcc/i586-linux-gnu/4.9/collect2 -plugin /usr/lib/gcc/i586-linux-gnu/4.9/liblto_plugin.so -plugin-opt=/usr/lib/gcc/i586-linux-gnu/4.9/lto-wrapper -plugin-opt=-fresolution=/tmp/ccLYMhjf.res -plugin-opt=-pass-through=-lgcc_s -plugin-opt=-pass-through=-lgcc -plugin-opt=-pass-through=-lc -plugin-opt=-pass-through=-lgcc_s -plugin-opt=-pass-through=-lgcc --sysroot=/ --build-id --eh-frame-hdr -m elf_i386 --hash-style=gnu -export-dynamic -dynamic-linker /lib/ld-linux.so.2 -o cmTryCompileExec989444471 /usr/lib/gcc/i586-linux-gnu/4.9/../../../i386-linux-gnu/crt1.o /usr/lib/gcc/i586-linux-gnu/4.9/../../../i386-linux-gnu/crti.o /usr/lib/gcc/i586-linux-gnu/4.9/crtbegin.o -L/usr/lib/gcc/i586-linux-gnu/4.9 -L/usr/lib/gcc/i586-linux-gnu/4.9/../../../i386-linux-gnu -L/usr/lib/gcc/i586-linux-gnu/4.9/../../../../lib -L/lib/i386-linux-gnu -L/lib/../lib -L/usr/lib/i386-linux-gnu -L/usr/lib/../lib -L/usr/lib/gcc/i586-linux-gnu/4.9/../../.. CMakeFiles/cmTryCompileExec989444471.dir/CMakeCXXCompilerABI.cpp.o -lstdc++ -lm -lgcc_s -lgcc -lc -lgcc_s -lgcc /usr/lib/gcc/i586-linux-gnu/4.9/crtend.o /usr/lib/gcc/i586-linux-gnu/4.9/../../../i386-linux-gnu/crtn.o
make[1]: Leaving directory '/home/munzir/project/krang/demos/23-mpc-hardware-experiment/build/CMakeFiles/CMakeTmp'


Parsed CXX implicit link information from above output:
  link line regex: [^( *|.*[/\])(ld|([^/\]+-)?ld|collect2)[^/\]*( |$)]
  ignore line: [Change Dir: /home/munzir/project/krang/demos/23-mpc-hardware-experiment/build/CMakeFiles/CMakeTmp]
  ignore line: []
  ignore line: [Run Build Command:"/usr/bin/make" "cmTryCompileExec989444471/fast"]
  ignore line: [/usr/bin/make -f CMakeFiles/cmTryCompileExec989444471.dir/build.make CMakeFiles/cmTryCompileExec989444471.dir/build]
  ignore line: [make[1]: Entering directory '/home/munzir/project/krang/demos/23-mpc-hardware-experiment/build/CMakeFiles/CMakeTmp']
  ignore line: [/usr/bin/cmake -E cmake_progress_report /home/munzir/project/krang/demos/23-mpc-hardware-experiment/build/CMakeFiles/CMakeTmp/CMakeFiles 1]
  ignore line: [Building CXX object CMakeFiles/cmTryCompileExec989444471.dir/CMakeCXXCompilerABI.cpp.o]
  ignore line: [/usr/bin/c++     -o CMakeFiles/cmTryCompileExec989444471.dir/CMakeCXXCompilerABI.cpp.o -c /usr/share/cmake-3.0/Modules/CMakeCXXCompilerABI.cpp]
  ignore line: [Linking CXX executable cmTryCompileExec989444471]
  ignore line: [/usr/bin/cmake -E cmake_link_script CMakeFiles/cmTryCompileExec989444471.dir/link.txt --verbose=1]
  ignore line: [/usr/bin/c++      -v CMakeFiles/cmTryCompileExec989444471.dir/CMakeCXXCompilerABI.cpp.o  -o cmTryCompileExec989444471 -rdynamic  ]
  ignore line: [Using built-in specs.]
  ignore line: [COLLECT_GCC=/usr/bin/c++]
  ignore line: [COLLECT_LTO_WRAPPER=/usr/lib/gcc/i586-linux-gnu/4.9/lto-wrapper]
  ignore line: [Target: i586-linux-gnu]
  ignore line: [Configured with: ../src/configure -v --with-pkgversion='Debian 4.9.2-10+deb8u1' --with-bugurl=file:///usr/share/doc/gcc-4.9/README.Bugs --enable-languages=c,c++,java,go,d,fortran,objc,obj-c++ --prefix=/usr --program-suffix=-4.9 --enable-shared --enable-linker-build-id --libexecdir=/usr/lib --without-included-gettext --enable-threads=posix --with-gxx-include-dir=/usr/include/c++/4.9 --libdir=/usr/lib --enable-nls --with-sysroot=/ --enable-clocale=gnu --enable-libstdcxx-debug --enable-libstdcxx-time=yes --enable-gnu-unique-object --disable-vtable-verify --enable-plugin --with-system-zlib --disable-browser-plugin --enable-java-awt=gtk --enable-gtk-cairo --with-java-home=/usr/lib/jvm/java-1.5.0-gcj-4.9-i386/jre --enable-java-home --with-jvm-root-dir=/usr/lib/jvm/java-1.5.0-gcj-4.9-i386 --with-jvm-jar-dir=/usr/lib/jvm-exports/java-1.5.0-gcj-4.9-i386 --with-arch-directory=i386 --with-ecj-jar=/usr/share/java/eclipse-ecj.jar --enable-objc-gc --enable-targets=all --enable-multiarch --with-arch-32=i586 --with-multilib-list=m32,m64,mx32 --enable-multilib --with-tune=generic --enable-checking=release --build=i586-linux-gnu --host=i586-linux-gnu --target=i586-linux-gnu]
  ignore line: [Thread model: posix]
  ignore line: [gcc version 4.9.2 (Debian 4.9.2-10+deb8u1) ]
  ignore line: [COMPILER_PATH=/usr/lib/gcc/i586-linux-gnu/4.9/:/usr/lib/gcc/i586-linux-gnu/4.9/:/usr/lib/gcc/i586-linux-gnu/:/usr/lib/gcc/i586-linux-gnu/4.9/:/usr/lib/gcc/i586-linux-gnu/]
  ignore line: [LIBRARY_PATH=/usr/lib/gcc/i586-linux-gnu/4.9/:/usr/lib/gcc/i586-linux-gnu/4.9/../../../i386-linux-gnu/:/usr/lib/gcc/i586-linux-gnu/4.9/../../../../lib/:/lib/i386-linux-gnu/:/lib/../lib/:/usr/lib/i386-linux-gnu/:/usr/lib/../lib/:/usr/lib/gcc/i586-linux-gnu/4.9/../../../:/lib/:/usr/lib/]
  ignore line: [COLLECT_GCC_OPTIONS='-v' '-o' 'cmTryCompileExec989444471' '-rdynamic' '-shared-libgcc' '-mtune=generic' '-march=i586']
  link line: [ /usr/lib/gcc/i586-linux-gnu/4.9/collect2 -plugin /usr/lib/gcc/i586-linux-gnu/4.9/liblto_plugin.so -plugin-opt=/usr/lib/gcc/i586-linux-gnu/4.9/lto-wrapper -plugin-opt=-fresolution=/tmp/ccLYMhjf.res -plugin-opt=-pass-through=-lgcc_s -plugin-opt=-pass-through=-lgcc -plugin-opt=-pass-through=-lc -plugin-opt=-pass-through=-lgcc_s -plugin-opt=-pass-through=-lgcc --sysroot=/ --build-id --eh-frame-hdr -m elf_i386 --hash-style=gnu -export-dynamic -dynamic-linker /lib/ld-linux.so.2 -o cmTryCompileExec989444471 /usr/lib/gcc/i586-linux-gnu/4.9/../../../i386-linux-gnu/crt1.o /usr/lib/gcc/i586-linux-gnu/4.9/../../../i386-linux-gnu/crti.o /usr/lib/gcc/i586-linux-gnu/4.9/crtbegin.o -L/usr/lib/gcc/i586-linux-gnu/4.9 -L/usr/lib/gcc/i586-linux-gnu/4.9/../../../i386-linux-gnu -L/usr/lib/gcc/i586-linux-gnu/4.9/../../../../lib -L/lib/i386-linux-gnu -L/lib/../lib -L/usr/lib/i386-linux-gnu -L/usr/lib/../lib -L/usr/lib/gcc/i586-linux-gnu/4.9/../../.. CMakeFiles/cmTryCompileExec989444471.dir/CMakeCXXCompilerABI.cpp.o -lstdc++ -lm -lgcc_s -lgcc -lc -lgcc_s -lgcc /usr/lib/gcc/i586-linux-gnu/4.9/crtend.o /usr/lib/gcc/i586-linux-gnu/4.9/../../../i386-linux-gnu/crtn.o]
    arg [/usr/lib/gcc/i586-linux-gnu/4.9/collect2] ==> ignore
    arg [-plugin] ==> ignore
    arg [/usr/lib/gcc/i586-linux-gnu/4.9/liblto_plugin.so] ==> ignore
    arg [-plugin-opt=/usr/lib/gcc/i586-linux-gnu/4.9/lto-wrapper] ==> ignore
    arg [-plugin-opt=-fresolution=/tmp/ccLYMhjf.res] ==> ignore
    arg [-plugin-opt=-pass-through=-lgcc_s] ==> ignore
    arg [-plugin-opt=-pass-through=-lgcc] ==> ignore
    arg [-plugin-opt=-pass-through=-lc] ==> ignore
    arg [-plugin-opt=-pass-through=-lgcc_s] ==> ignore
    arg [-plugin-opt=-pass-through=-lgcc] ==> ignore
    arg [--sysroot=/] ==> ignore
    arg [--build-id] ==> ignore
    arg [--eh-frame-hdr] ==> ignore
    arg [-m] ==> ignore
    arg [elf_i386] ==> ignore
    arg [--hash-style=gnu] ==> ignore
    arg [-export-dynamic] ==> ignore
    arg [-dynamic-linker] ==> ignore
    arg [/lib/ld-linux.so.2] ==> ignore
    arg [-o] ==> ignore
    arg [cmTryCompileExec989444471] ==> ignore
    arg [/usr/lib/gcc/i586-linux-gnu/4.9/../../../i386-linux-gnu/crt1.o] ==> ignore
    arg [/usr/lib/gcc/i586-linux-gnu/4.9/../../../i386-linux-gnu/crti.o] ==> ignore
    arg [/usr/lib/gcc/i586-linux-gnu/4.9/crtbegin.o] ==> ignore
    arg [-L/usr/lib/gcc/i586-linux-gnu/4.9] ==> dir [/usr/lib/gcc/i586-linux-gnu/4.9]
    arg [-L/usr/lib/gcc/i586-linux-gnu/4.9/../../../i386-linux-gnu] ==> dir [/usr/lib/gcc/i586-linux-gnu/4.9/../../../i386-linux-gnu]
    arg [-L/usr/lib/gcc/i586-linux-gnu/4.9/../../../../lib] ==> dir [/usr/lib/gcc/i586-linux-gnu/4.9/../../../../lib]
    arg [-L/lib/i386-linux-gnu] ==> dir [/lib/i386-linux-gnu]
    arg [-L/lib/../lib] ==> dir [/lib/../lib]
    arg [-L/usr/lib/i386-linux-gnu] ==> dir [/usr/lib/i386-linux-gnu]
    arg [-L/usr/lib/../lib] ==> dir [/usr/lib/../lib]
    arg [-L/usr/lib/gcc/i586-linux-gnu/4.9/../../..] ==> dir [/usr/lib/gcc/i586-linux-gnu/4.9/../../..]
    arg [CMakeFiles/cmTryCompileExec989444471.dir/CMakeCXXCompilerABI.cpp.o] ==> ignore
    arg [-lstdc++] ==> lib [stdc++]
    arg [-lm] ==> lib [m]
    arg [-lgcc_s] ==> lib [gcc_s]
    arg [-lgcc] ==> lib [gcc]
    arg [-lc] ==> lib [c]
    arg [-lgcc_s] ==> lib [gcc_s]
    arg [-lgcc] ==> lib [gcc]
    arg [/usr/lib/gcc/i586-linux-gnu/4.9/crtend.o] ==> ignore
    arg [/usr/lib/gcc/i586-linux-gnu/4.9/../../../i386-linux-gnu/crtn.o] ==> ignore
  remove lib [gcc_s]
  remove lib [gcc]
  remove lib [gcc_s]
  remove lib [gcc]
  collapse library dir [/usr/lib/gcc/i586-linux-gnu/4.9] ==> [/usr/lib/gcc/i586-linux-gnu/4.9]
  collapse library dir [/usr/lib/gcc/i586-linux-gnu/4.9/../../../i386-linux-gnu] ==> [/usr/lib/i386-linux-gnu]
  collapse library dir [/usr/lib/gcc/i586-linux-gnu/4.9/../../../../lib] ==> [/usr/lib]
  collapse library dir [/lib/i386-linux-gnu] ==> [/lib/i386-linux-gnu]
  collapse library dir [/lib/../lib] ==> [/lib]
  collapse library dir [/usr/lib/i386-linux-gnu] ==> [/usr/lib/i386-linux-gnu]
  collapse library dir [/usr/lib/../lib] ==> [/usr/lib]
  collapse library dir [/usr/lib/gcc/i586-linux-gnu/4.9/../../..] ==> [/usr/lib]
  implicit libs: [stdc++;m;c]
  implicit dirs: [/usr/lib/gcc/i586-linux-gnu/4.9;/usr/lib/i386-linux-gnu;/usr/lib;/lib/i386-linux-gnu;/lib]
  implicit fwks: []


The system is: Linux - 3.18.113-rt103 - i686
Compiling the C compiler identification source file "CMakeCCompilerId.c" succeeded.
Compiler: /usr/bin/cc 
Build flags: 
Id flags: 

The output was:
0


Compilation of the C compiler identification source "CMakeCCompilerId.c" produced "a.out"

The C compiler identification is GNU, found in "/home/munzir/project/krang/demos/23-mpc-hardware-experiment/build/CMakeFiles/3.5.1/CompilerIdC/a.out"

Compiling the CXX compiler identification source file "CMakeCXXCompilerId.cpp" succeeded.
Compiler: /usr/bin/c++ 
Build flags: 
Id flags: 

The output was:
0


Compilation of the CXX compiler identification source "CMakeCXXCompilerId.cpp" produced "a.out"

The CXX compiler identification is GNU, found in "/home/munzir/project/krang/demos/23-mpc-hardware-experiment/build/CMakeFiles/3.5.1/CompilerIdCXX/a.out"

Determining if the C compiler works passed with the following output:
Change Dir: /home/munzir/project/krang/demos/23-mpc-hardware-experiment/build/CMakeFiles/CMakeTmp

Run Build Command:"/usr/bin/make" "cmTC_39f22/fast"
/usr/bin/make -f CMakeFiles/cmTC_39f22.dir/build.make CMakeFiles/cmTC_39f22.dir/build
make[1]: Entering directory '/home/munzir/project/krang/demos/23-mpc-hardware-experiment/build/CMakeFiles/CMakeTmp'
Building C object CMakeFiles/cmTC_39f22.dir/testCCompiler.c.o
/usr/bin/cc     -o CMakeFiles/cmTC_39f22.dir/testCCompiler.c.o   -c /home/munzir/project/krang/demos/23-mpc-hardware-experiment/build/CMakeFiles/CMakeTmp/testCCompiler.c
Linking C executable cmTC_39f22
/usr/local/bin/cmake -E cmake_link_script CMakeFiles/cmTC_39f22.dir/link.txt --verbose=1
/usr/bin/cc       CMakeFiles/cmTC_39f22.dir/testCCompiler.c.o  -o cmTC_39f22 -rdynamic 
make[1]: Leaving directory '/home/munzir/project/krang/demos/23-mpc-hardware-experiment/build/CMakeFiles/CMakeTmp'


Detecting C compiler ABI info compiled with the following output:
Change Dir: /home/munzir/project/krang/demos/23-mpc-hardware-experiment/build/CMakeFiles/CMakeTmp

Run Build Command:"/usr/bin/make" "cmTC_7187d/fast"
/usr/bin/make -f CMakeFiles/cmTC_7187d.dir/build.make CMakeFiles/cmTC_7187d.dir/build
make[1]: Entering directory '/home/munzir/project/krang/demos/23-mpc-hardware-experiment/build/CMakeFiles/CMakeTmp'
Building C object CMakeFiles/cmTC_7187d.dir/CMakeCCompilerABI.c.o
/usr/bin/cc     -o CMakeFiles/cmTC_7187d.dir/CMakeCCompilerABI.c.o   -c /usr/local/share/cmake-3.5/Modules/CMakeCCompilerABI.c
Linking C executable cmTC_7187d
/usr/local/bin/cmake -E cmake_link_script CMakeFiles/cmTC_7187d.dir/link.txt --verbose=1
/usr/bin/cc      -v CMakeFiles/cmTC_7187d.dir/CMakeCCompilerABI.c.o  -o cmTC_7187d -rdynamic  
Using built-in specs.
COLLECT_GCC=/usr/bin/cc
COLLECT_LTO_WRAPPER=/usr/lib/gcc/i586-linux-gnu/4.9/lto-wrapper
Target: i586-linux-gnu
Configured with: ../src/configure -v --with-pkgversion='Debian 4.9.2-10+deb8u1' --with-bugurl=file:///usr/share/doc/gcc-4.9/README.Bugs --enable-languages=c,c++,java,go,d,fortran,objc,obj-c++ --prefix=/usr --program-suffix=-4.9 --enable-shared --enable-linker-build-id --libexecdir=/usr/lib --without-included-gettext --enable-threads=posix --with-gxx-include-dir=/usr/include/c++/4.9 --libdir=/usr/lib --enable-nls --with-sysroot=/ --enable-clocale=gnu --enable-libstdcxx-debug --enable-libstdcxx-time=yes --enable-gnu-unique-object --disable-vtable-verify --enable-plugin --with-system-zlib --disable-browser-plugin --enable-java-awt=gtk --enable-gtk-cairo --with-java-home=/usr/lib/jvm/java-1.5.0-gcj-4.9-i386/jre --enable-java-home --with-jvm-root-dir=/usr/lib/jvm/java-1.5.0-gcj-4.9-i386 --with-jvm-jar-dir=/usr/lib/jvm-exports/java-1.5.0-gcj-4.9-i386 --with-arch-directory=i386 --with-ecj-jar=/usr/share/java/eclipse-ecj.jar --enable-objc-gc --enable-targets=all --enable-multiarch --with-arch-32=i586 --with-multilib-list=m32,m64,mx32 --enable-multilib --with-tune=generic --enable-checking=release --build=i586-linux-gnu --host=i586-linux-gnu --target=i586-linux-gnu
Thread model: posix
gcc version 4.9.2 (Debian 4.9.2-10+deb8u1) 
COMPILER_PATH=/usr/lib/gcc/i586-linux-gnu/4.9/:/usr/lib/gcc/i586-linux-gnu/4.9/:/usr/lib/gcc/i586-linux-gnu/:/usr/lib/gcc/i586-linux-gnu/4.9/:/usr/lib/gcc/i586-linux-gnu/
LIBRARY_PATH=/usr/lib/gcc/i586-linux-gnu/4.9/:/usr/lib/gcc/i586-linux-gnu/4.9/../../../i386-linux-gnu/:/usr/lib/gcc/i586-linux-gnu/4.9/../../../../lib/:/lib/i386-linux-gnu/:/lib/../lib/:/usr/lib/i386-linux-gnu/:/usr/lib/../lib/:/usr/lib/gcc/i586-linux-gnu/4.9/../../../:/lib/:/usr/lib/
COLLECT_GCC_OPTIONS='-v' '-o' 'cmTC_7187d' '-rdynamic' '-mtune=generic' '-march=i586'
 /usr/lib/gcc/i586-linux-gnu/4.9/collect2 -plugin /usr/lib/gcc/i586-linux-gnu/4.9/liblto_plugin.so -plugin-opt=/usr/lib/gcc/i586-linux-gnu/4.9/lto-wrapper -plugin-opt=-fresolution=/tmp/ccsfA6tj.res -plugin-opt=-pass-through=-lgcc -plugin-opt=-pass-through=-lgcc_s -plugin-opt=-pass-through=-lc -plugin-opt=-pass-through=-lgcc -plugin-opt=-pass-through=-lgcc_s --sysroot=/ --build-id --eh-frame-hdr -m elf_i386 --hash-style=gnu -export-dynamic -dynamic-linker /lib/ld-linux.so.2 -o cmTC_7187d /usr/lib/gcc/i586-linux-gnu/4.9/../../../i386-linux-gnu/crt1.o /usr/lib/gcc/i586-linux-gnu/4.9/../../../i386-linux-gnu/crti.o /usr/lib/gcc/i586-linux-gnu/4.9/crtbegin.o -L/usr/lib/gcc/i586-linux-gnu/4.9 -L/usr/lib/gcc/i586-linux-gnu/4.9/../../../i386-linux-gnu -L/usr/lib/gcc/i586-linux-gnu/4.9/../../../../lib -L/lib/i386-linux-gnu -L/lib/../lib -L/usr/lib/i386-linux-gnu -L/usr/lib/../lib -L/usr/lib/gcc/i586-linux-gnu/4.9/../../.. CMakeFiles/cmTC_7187d.dir/CMakeCCompilerABI.c.o -lgcc --as-needed -lgcc_s --no-as-needed -lc -lgcc --as-needed -lgcc_s --no-as-needed /usr/lib/gcc/i586-linux-gnu/4.9/crtend.o /usr/lib/gcc/i586-linux-gnu/4.9/../../../i386-linux-gnu/crtn.o
make[1]: Leaving directory '/home/munzir/project/krang/demos/23-mpc-hardware-experiment/build/CMakeFiles/CMakeTmp'


Parsed C implicit link information from above output:
  link line regex: [^( *|.*[/\])(ld|([^/\]+-)?ld|collect2)[^/\]*( |$)]
  ignore line: [Change Dir: /home/munzir/project/krang/demos/23-mpc-hardware-experiment/build/CMakeFiles/CMakeTmp]
  ignore line: []
  ignore line: [Run Build Command:"/usr/bin/make" "cmTC_7187d/fast"]
  ignore line: [/usr/bin/make -f CMakeFiles/cmTC_7187d.dir/build.make CMakeFiles/cmTC_7187d.dir/build]
  ignore line: [make[1]: Entering directory '/home/munzir/project/krang/demos/23-mpc-hardware-experiment/build/CMakeFiles/CMakeTmp']
  ignore line: [Building C object CMakeFiles/cmTC_7187d.dir/CMakeCCompilerABI.c.o]
  ignore line: [/usr/bin/cc     -o CMakeFiles/cmTC_7187d.dir/CMakeCCompilerABI.c.o   -c /usr/local/share/cmake-3.5/Modules/CMakeCCompilerABI.c]
  ignore line: [Linking C executable cmTC_7187d]
  ignore line: [/usr/local/bin/cmake -E cmake_link_script CMakeFiles/cmTC_7187d.dir/link.txt --verbose=1]
  ignore line: [/usr/bin/cc      -v CMakeFiles/cmTC_7187d.dir/CMakeCCompilerABI.c.o  -o cmTC_7187d -rdynamic  ]
  ignore line: [Using built-in specs.]
  ignore line: [COLLECT_GCC=/usr/bin/cc]
  ignore line: [COLLECT_LTO_WRAPPER=/usr/lib/gcc/i586-linux-gnu/4.9/lto-wrapper]
  ignore line: [Target: i586-linux-gnu]
  ignore line: [Configured with: ../src/configure -v --with-pkgversion='Debian 4.9.2-10+deb8u1' --with-bugurl=file:///usr/share/doc/gcc-4.9/README.Bugs --enable-languages=c,c++,java,go,d,fortran,objc,obj-c++ --prefix=/usr --program-suffix=-4.9 --enable-shared --enable-linker-build-id --libexecdir=/usr/lib --without-included-gettext --enable-threads=posix --with-gxx-include-dir=/usr/include/c++/4.9 --libdir=/usr/lib --enable-nls --with-sysroot=/ --enable-clocale=gnu --enable-libstdcxx-debug --enable-libstdcxx-time=yes --enable-gnu-unique-object --disable-vtable-verify --enable-plugin --with-system-zlib --disable-browser-plugin --enable-java-awt=gtk --enable-gtk-cairo --with-java-home=/usr/lib/jvm/java-1.5.0-gcj-4.9-i386/jre --enable-java-home --with-jvm-root-dir=/usr/lib/jvm/java-1.5.0-gcj-4.9-i386 --with-jvm-jar-dir=/usr/lib/jvm-exports/java-1.5.0-gcj-4.9-i386 --with-arch-directory=i386 --with-ecj-jar=/usr/share/java/eclipse-ecj.jar --enable-objc-gc --enable-targets=all --enable-multiarch --with-arch-32=i586 --with-multilib-list=m32,m64,mx32 --enable-multilib --with-tune=generic --enable-checking=release --build=i586-linux-gnu --host=i586-linux-gnu --target=i586-linux-gnu]
  ignore line: [Thread model: posix]
  ignore line: [gcc version 4.9.2 (Debian 4.9.2-10+deb8u1) ]
  ignore line: [COMPILER_PATH=/usr/lib/gcc/i586-linux-gnu/4.9/:/usr/lib/gcc/i586-linux-gnu/4.9/:/usr/lib/gcc/i586-linux-gnu/:/usr/lib/gcc/i586-linux-gnu/4.9/:/usr/lib/gcc/i586-linux-gnu/]
  ignore line: [LIBRARY_PATH=/usr/lib/gcc/i586-linux-gnu/4.9/:/usr/lib/gcc/i586-linux-gnu/4.9/../../../i386-linux-gnu/:/usr/lib/gcc/i586-linux-gnu/4.9/../../../../lib/:/lib/i386-linux-gnu/:/lib/../lib/:/usr/lib/i386-linux-gnu/:/usr/lib/../lib/:/usr/lib/gcc/i586-linux-gnu/4.9/../../../:/lib/:/usr/lib/]
  ignore line: [COLLECT_GCC_OPTIONS='-v' '-o' 'cmTC_7187d' '-rdynamic' '-mtune=generic' '-march=i586']
  link line: [ /usr/lib/gcc/i586-linux-gnu/4.9/collect2 -plugin /usr/lib/gcc/i586-linux-gnu/4.9/liblto_plugin.so -plugin-opt=/usr/lib/gcc/i586-linux-gnu/4.9/lto-wrapper -plugin-opt=-fresolution=/tmp/ccsfA6tj.res -plugin-opt=-pass-through=-lgcc -plugin-opt=-pass-through=-lgcc_s -plugin-opt=-pass-through=-lc -plugin-opt=-pass-through=-lgcc -plugin-opt=-pass-through=-lgcc_s --sysroot=/ --build-id --eh-frame-hdr -m elf_i386 --hash-style=gnu -export-dynamic -dynamic-linker /lib/ld-linux.so.2 -o cmTC_7187d /usr/lib/gcc/i586-linux-gnu/4.9/../../../i386-linux-gnu/crt1.o /usr/lib/gcc/i586-linux-gnu/4.9/../../../i386-linux-gnu/crti.o /usr/lib/gcc/i586-linux-gnu/4.9/crtbegin.o -L/usr/lib/gcc/i586-linux-gnu/4.9 -L/usr/lib/gcc/i586-linux-gnu/4.9/../../../i386-linux-gnu -L/usr/lib/gcc/i586-linux-gnu/4.9/../../../../lib -L/lib/i386-linux-gnu -L/lib/../lib -L/usr/lib/i386-linux-gnu -L/usr/lib/../lib -L/usr/lib/gcc/i586-linux-gnu/4.9/../../.. CMakeFiles/cmTC_7187d.dir/CMakeCCompilerABI.c.o -lgcc --as-needed -lgcc_s --no-as-needed -lc -lgcc --as-needed -lgcc_s --no-as-needed /usr/lib/gcc/i586-linux-gnu/4.9/crtend.o /usr/lib/gcc/i586-linux-gnu/4.9/../../../i386-linux-gnu/crtn.o]
    arg [/usr/lib/gcc/i586-linux-gnu/4.9/collect2] ==> ignore
    arg [-plugin] ==> ignore
    arg [/usr/lib/gcc/i586-linux-gnu/4.9/liblto_plugin.so] ==> ignore
    arg [-plugin-opt=/usr/lib/gcc/i586-linux-gnu/4.9/lto-wrapper] ==> ignore
    arg [-plugin-opt=-fresolution=/tmp/ccsfA6tj.res] ==> ignore
    arg [-plugin-opt=-pass-through=-lgcc] ==> ignore
    arg [-plugin-opt=-pass-through=-lgcc_s] ==> ignore
    arg [-plugin-opt=-pass-through=-lc] ==> ignore
    arg [-plugin-opt=-pass-through=-lgcc] ==> ignore
    arg [-plugin-opt=-pass-through=-lgcc_s] ==> ignore
    arg [--sysroot=/] ==> ignore
    arg [--build-id] ==> ignore
    arg [--eh-frame-hdr] ==> ignore
    arg [-m] ==> ignore
    arg [elf_i386] ==> ignore
    arg [--hash-style=gnu] ==> ignore
    arg [-export-dynamic] ==> ignore
    arg [-dynamic-linker] ==> ignore
    arg [/lib/ld-linux.so.2] ==> ignore
    arg [-o] ==> ignore
    arg [cmTC_7187d] ==> ignore
    arg [/usr/lib/gcc/i586-linux-gnu/4.9/../../../i386-linux-gnu/crt1.o] ==> ignore
    arg [/usr/lib/gcc/i586-linux-gnu/4.9/../../../i386-linux-gnu/crti.o] ==> ignore
    arg [/usr/lib/gcc/i586-linux-gnu/4.9/crtbegin.o] ==> ignore
    arg [-L/usr/lib/gcc/i586-linux-gnu/4.9] ==> dir [/usr/lib/gcc/i586-linux-gnu/4.9]
    arg [-L/usr/lib/gcc/i586-linux-gnu/4.9/../../../i386-linux-gnu] ==> dir [/usr/lib/gcc/i586-linux-gnu/4.9/../../../i386-linux-gnu]
    arg [-L/usr/lib/gcc/i586-linux-gnu/4.9/../../../../lib] ==> dir [/usr/lib/gcc/i586-linux-gnu/4.9/../../../../lib]
    arg [-L/lib/i386-linux-gnu] ==> dir [/lib/i386-linux-gnu]
    arg [-L/lib/../lib] ==> dir [/lib/../lib]
    arg [-L/usr/lib/i386-linux-gnu] ==> dir [/usr/lib/i386-linux-gnu]
    arg [-L/usr/lib/../lib] ==> dir [/usr/lib/../lib]
    arg [-L/usr/lib/gcc/i586-linux-gnu/4.9/../../..] ==> dir [/usr/lib/gcc/i586-linux-gnu/4.9/../../..]
    arg [CMakeFiles/cmTC_7187d.dir/CMakeCCompilerABI.c.o] ==> ignore
    arg [-lgcc] ==> lib [gcc]
    arg [--as-needed] ==> ignore
    arg [-lgcc_s] ==> lib [gcc_s]
    arg [--no-as-needed] ==> ignore
    arg [-lc] ==> lib [c]
    arg [-lgcc] ==> lib [gcc]
    arg [--as-needed] ==> ignore
    arg [-lgcc_s] ==> lib [gcc_s]
    arg [--no-as-needed] ==> ignore
    arg [/usr/lib/gcc/i586-linux-gnu/4.9/crtend.o] ==> ignore
    arg [/usr/lib/gcc/i586-linux-gnu/4.9/../../../i386-linux-gnu/crtn.o] ==> ignore
  remove lib [gcc]
  remove lib [gcc_s]
  remove lib [gcc]
  remove lib [gcc_s]
  collapse library dir [/usr/lib/gcc/i586-linux-gnu/4.9] ==> [/usr/lib/gcc/i586-linux-gnu/4.9]
  collapse library dir [/usr/lib/gcc/i586-linux-gnu/4.9/../../../i386-linux-gnu] ==> [/usr/lib/i386-linux-gnu]
  collapse library dir [/usr/lib/gcc/i586-linux-gnu/4.9/../../../../lib] ==> [/usr/lib]
  collapse library dir [/lib/i386-linux-gnu] ==> [/lib/i386-linux-gnu]
  collapse library dir [/lib/../lib] ==> [/lib]
  collapse library dir [/usr/lib/i386-linux-gnu] ==> [/usr/lib/i386-linux-gnu]
  collapse library dir [/usr/lib/../lib] ==> [/usr/lib]
  collapse library dir [/usr/lib/gcc/i586-linux-gnu/4.9/../../..] ==> [/usr/lib]
  implicit libs: [c]
  implicit dirs: [/usr/lib/gcc/i586-linux-gnu/4.9;/usr/lib/i386-linux-gnu;/usr/lib;/lib/i386-linux-gnu;/lib]
  implicit fwks: []




Detecting C [-std=c11] compiler features compiled with the following output:
Change Dir: /home/munzir/project/krang/demos/23-mpc-hardware-experiment/build/CMakeFiles/CMakeTmp

Run Build Command:"/usr/bin/make" "cmTC_b8925/fast"
/usr/bin/make -f CMakeFiles/cmTC_b8925.dir/build.make CMakeFiles/cmTC_b8925.dir/build
make[1]: Entering directory '/home/munzir/project/krang/demos/23-mpc-hardware-experiment/build/CMakeFiles/CMakeTmp'
Building C object CMakeFiles/cmTC_b8925.dir/feature_tests.c.o
/usr/bin/cc    -std=c11 -o CMakeFiles/cmTC_b8925.dir/feature_tests.c.o   -c /home/munzir/project/krang/demos/23-mpc-hardware-experiment/build/CMakeFiles/feature_tests.c
Linking C executable cmTC_b8925
/usr/local/bin/cmake -E cmake_link_script CMakeFiles/cmTC_b8925.dir/link.txt --verbose=1
/usr/bin/cc       CMakeFiles/cmTC_b8925.dir/feature_tests.c.o  -o cmTC_b8925 -rdynamic 
make[1]: Leaving directory '/home/munzir/project/krang/demos/23-mpc-hardware-experiment/build/CMakeFiles/CMakeTmp'


    Feature record: C_FEATURE:1c_function_prototypes
    Feature record: C_FEATURE:1c_restrict
    Feature record: C_FEATURE:1c_static_assert
    Feature record: C_FEATURE:1c_variadic_macros


Detecting C [-std=c99] compiler features compiled with the following output:
Change Dir: /home/munzir/project/krang/demos/23-mpc-hardware-experiment/build/CMakeFiles/CMakeTmp

Run Build Command:"/usr/bin/make" "cmTC_8a5d4/fast"
/usr/bin/make -f CMakeFiles/cmTC_8a5d4.dir/build.make CMakeFiles/cmTC_8a5d4.dir/build
make[1]: Entering directory '/home/munzir/project/krang/demos/23-mpc-hardware-experiment/build/CMakeFiles/CMakeTmp'
Building C object CMakeFiles/cmTC_8a5d4.dir/feature_tests.c.o
/usr/bin/cc    -std=c99 -o CMakeFiles/cmTC_8a5d4.dir/feature_tests.c.o   -c /home/munzir/project/krang/demos/23-mpc-hardware-experiment/build/CMakeFiles/feature_tests.c
Linking C executable cmTC_8a5d4
/usr/local/bin/cmake -E cmake_link_script CMakeFiles/cmTC_8a5d4.dir/link.txt --verbose=1
/usr/bin/cc       CMakeFiles/cmTC_8a5d4.dir/feature_tests.c.o  -o cmTC_8a5d4 -rdynamic 
make[1]: Leaving directory '/home/munzir/project/krang/demos/23-mpc-hardware-experiment/build/CMakeFiles/CMakeTmp'


    Feature record: C_FEATURE:1c_function_prototypes
    Feature record: C_FEATURE:1c_restrict
    Feature record: C_FEATURE:0c_static_assert
    Feature record: C_FEATURE:1c_variadic_macros


Detecting C [-std=c90] compiler features compiled with the following output:
Change Dir: /home/munzir/project/krang/demos/23-mpc-hardware-experiment/build/CMakeFiles/CMakeTmp

Run Build Command:"/usr/bin/make" "cmTC_fbaae/fast"
/usr/bin/make -f CMakeFiles/cmTC_fbaae.dir/build.make CMakeFiles/cmTC_fbaae.dir/build
make[1]: Entering directory '/home/munzir/project/krang/demos/23-mpc-hardware-experiment/build/CMakeFiles/CMakeTmp'
Building C object CMakeFiles/cmTC_fbaae.dir/feature_tests.c.o
/usr/bin/cc    -std=c90 -o CMakeFiles/cmTC_fbaae.dir/feature_tests.c.o   -c /home/munzir/project/krang/demos/23-mpc-hardware-experiment/build/CMakeFiles/feature_tests.c
Linking C executable cmTC_fbaae
/usr/local/bin/cmake -E cmake_link_script CMakeFiles/cmTC_fbaae.dir/link.txt --verbose=1
/usr/bin/cc       CMakeFiles/cmTC_fbaae.dir/feature_tests.c.o  -o cmTC_fbaae -rdynamic 
make[1]: Leaving directory '/home/munzir/project/krang/demos/23-mpc-hardware-experiment/build/CMakeFiles/CMakeTmp'


    Feature record: C_FEATURE:1c_function_prototypes
    Feature record: C_FEATURE:0c_restrict
    Feature record: C_FEATURE:0c_static_assert
    Feature record: C_FEATURE:0c_variadic_macros
Determining if the CXX compiler works passed with the following output:
Change Dir: /home/munzir/project/krang/demos/23-mpc-hardware-experiment/build/CMakeFiles/CMakeTmp

Run Build Command:"/usr/bin/make" "cmTC_1262e/fast"
/usr/bin/make -f CMakeFiles/cmTC_1262e.dir/build.make CMakeFiles/cmTC_1262e.dir/build
make[1]: Entering directory '/home/munzir/project/krang/demos/23-mpc-hardware-experiment/build/CMakeFiles/CMakeTmp'
Building CXX object CMakeFiles/cmTC_1262e.dir/testCXXCompiler.cxx.o
/usr/bin/c++      -o CMakeFiles/cmTC_1262e.dir/testCXXCompiler.cxx.o -c /home/munzir/project/krang/demos/23-mpc-hardware-experiment/build/CMakeFiles/CMakeTmp/testCXXCompiler.cxx
Linking CXX executable cmTC_1262e
/usr/local/bin/cmake -E cmake_link_script CMakeFiles/cmTC_1262e.dir/link.txt --verbose=1
/usr/bin/c++        CMakeFiles/cmTC_1262e.dir/testCXXCompiler.cxx.o  -o cmTC_1262e -rdynamic 
make[1]: Leaving directory '/home/munzir/project/krang/demos/23-mpc-hardware-experiment/build/CMakeFiles/CMakeTmp'


Detecting CXX compiler ABI info compiled with the following output:
Change Dir: /home/munzir/project/krang/demos/23-mpc-hardware-experiment/build/CMakeFiles/CMakeTmp

Run Build Command:"/usr/bin/make" "cmTC_84379/fast"
/usr/bin/make -f CMakeFiles/cmTC_84379.dir/build.make CMakeFiles/cmTC_84379.dir/build
make[1]: Entering directory '/home/munzir/project/krang/demos/23-mpc-hardware-experiment/build/CMakeFiles/CMakeTmp'
Building CXX object CMakeFiles/cmTC_84379.dir/CMakeCXXCompilerABI.cpp.o
/usr/bin/c++      -o CMakeFiles/cmTC_84379.dir/CMakeCXXCompilerABI.cpp.o -c /usr/local/share/cmake-3.5/Modules/CMakeCXXCompilerABI.cpp
Linking CXX executable cmTC_84379
/usr/local/bin/cmake -E cmake_link_script CMakeFiles/cmTC_84379.dir/link.txt --verbose=1
/usr/bin/c++       -v CMakeFiles/cmTC_84379.dir/CMakeCXXCompilerABI.cpp.o  -o cmTC_84379 -rdynamic  
Using built-in specs.
COLLECT_GCC=/usr/bin/c++
COLLECT_LTO_WRAPPER=/usr/lib/gcc/i586-linux-gnu/4.9/lto-wrapper
Target: i586-linux-gnu
Configured with: ../src/configure -v --with-pkgversion='Debian 4.9.2-10+deb8u1' --with-bugurl=file:///usr/share/doc/gcc-4.9/README.Bugs --enable-languages=c,c++,java,go,d,fortran,objc,obj-c++ --prefix=/usr --program-suffix=-4.9 --enable-shared --enable-linker-build-id --libexecdir=/usr/lib --without-included-gettext --enable-threads=posix --with-gxx-include-dir=/usr/include/c++/4.9 --libdir=/usr/lib --enable-nls --with-sysroot=/ --enable-clocale=gnu --enable-libstdcxx-debug --enable-libstdcxx-time=yes --enable-gnu-unique-object --disable-vtable-verify --enable-plugin --with-system-zlib --disable-browser-plugin --enable-java-awt=gtk --enable-gtk-cairo --with-java-home=/usr/lib/jvm/java-1.5.0-gcj-4.9-i386/jre --enable-java-home --with-jvm-root-dir=/usr/lib/jvm/java-1.5.0-gcj-4.9-i386 --with-jvm-jar-dir=/usr/lib/jvm-exports/java-1.5.0-gcj-4.9-i386 --with-arch-directory=i386 --with-ecj-jar=/usr/share/java/eclipse-ecj.jar --enable-objc-gc --enable-targets=all --enable-multiarch --with-arch-32=i586 --with-multilib-list=m32,m64,mx32 --enable-multilib --with-tune=generic --enable-checking=release --build=i586-linux-gnu --host=i586-linux-gnu --target=i586-linux-gnu
Thread model: posix
gcc version 4.9.2 (Debian 4.9.2-10+deb8u1) 
COMPILER_PATH=/usr/lib/gcc/i586-linux-gnu/4.9/:/usr/lib/gcc/i586-linux-gnu/4.9/:/usr/lib/gcc/i586-linux-gnu/:/usr/lib/gcc/i586-linux-gnu/4.9/:/usr/lib/gcc/i586-linux-gnu/
LIBRARY_PATH=/usr/lib/gcc/i586-linux-gnu/4.9/:/usr/lib/gcc/i586-linux-gnu/4.9/../../../i386-linux-gnu/:/usr/lib/gcc/i586-linux-gnu/4.9/../../../../lib/:/lib/i386-linux-gnu/:/lib/../lib/:/usr/lib/i386-linux-gnu/:/usr/lib/../lib/:/usr/lib/gcc/i586-linux-gnu/4.9/../../../:/lib/:/usr/lib/
COLLECT_GCC_OPTIONS='-v' '-o' 'cmTC_84379' '-rdynamic' '-shared-libgcc' '-mtune=generic' '-march=i586'
 /usr/lib/gcc/i586-linux-gnu/4.9/collect2 -plugin /usr/lib/gcc/i586-linux-gnu/4.9/liblto_plugin.so -plugin-opt=/usr/lib/gcc/i586-linux-gnu/4.9/lto-wrapper -plugin-opt=-fresolution=/tmp/ccY3KLuU.res -plugin-opt=-pass-through=-lgcc_s -plugin-opt=-pass-through=-lgcc -plugin-opt=-pass-through=-lc -plugin-opt=-pass-through=-lgcc_s -plugin-opt=-pass-through=-lgcc --sysroot=/ --build-id --eh-frame-hdr -m elf_i386 --hash-style=gnu -export-dynamic -dynamic-linker /lib/ld-linux.so.2 -o cmTC_84379 /usr/lib/gcc/i586-linux-gnu/4.9/../../../i386-linux-gnu/crt1.o /usr/lib/gcc/i586-linux-gnu/4.9/../../../i386-linux-gnu/crti.o /usr/lib/gcc/i586-linux-gnu/4.9/crtbegin.o -L/usr/lib/gcc/i586-linux-gnu/4.9 -L/usr/lib/gcc/i586-linux-gnu/4.9/../../../i386-linux-gnu -L/usr/lib/gcc/i586-linux-gnu/4.9/../../../../lib -L/lib/i386-linux-gnu -L/lib/../lib -L/usr/lib/i386-linux-gnu -L/usr/lib/../lib -L/usr/lib/gcc/i586-linux-gnu/4.9/../../.. CMakeFiles/cmTC_84379.dir/CMakeCXXCompilerABI.cpp.o -lstdc++ -lm -lgcc_s -lgcc -lc -lgcc_s -lgcc /usr/lib/gcc/i586-linux-gnu/4.9/crtend.o /usr/lib/gcc/i586-linux-gnu/4.9/../../../i386-linux-gnu/crtn.o
make[1]: Leaving directory '/home/munzir/project/krang/demos/23-mpc-hardware-experiment/build/CMakeFiles/CMakeTmp'


Parsed CXX implicit link information from above output:
  link line regex: [^( *|.*[/\])(ld|([^/\]+-)?ld|collect2)[^/\]*( |$)]
  ignore line: [Change Dir: /home/munzir/project/krang/demos/23-mpc-hardware-experiment/build/CMakeFiles/CMakeTmp]
  ignore line: []
  ignore line: [Run Build Command:"/usr/bin/make" "cmTC_84379/fast"]
  ignore line: [/usr/bin/make -f CMakeFiles/cmTC_84379.dir/build.make CMakeFiles/cmTC_84379.dir/build]
  ignore line: [make[1]: Entering directory '/home/munzir/project/krang/demos/23-mpc-hardware-experiment/build/CMakeFiles/CMakeTmp']
  ignore line: [Building CXX object CMakeFiles/cmTC_84379.dir/CMakeCXXCompilerABI.cpp.o]
  ignore line: [/usr/bin/c++      -o CMakeFiles/cmTC_84379.dir/CMakeCXXCompilerABI.cpp.o -c /usr/local/share/cmake-3.5/Modules/CMakeCXXCompilerABI.cpp]
  ignore line: [Linking CXX executable cmTC_84379]
  ignore line: [/usr/local/bin/cmake -E cmake_link_script CMakeFiles/cmTC_84379.dir/link.txt --verbose=1]
  ignore line: [/usr/bin/c++       -v CMakeFiles/cmTC_84379.dir/CMakeCXXCompilerABI.cpp.o  -o cmTC_84379 -rdynamic  ]
  ignore line: [Using built-in specs.]
  ignore line: [COLLECT_GCC=/usr/bin/c++]
  ignore line: [COLLECT_LTO_WRAPPER=/usr/lib/gcc/i586-linux-gnu/4.9/lto-wrapper]
  ignore line: [Target: i586-linux-gnu]
  ignore line: [Configured with: ../src/configure -v --with-pkgversion='Debian 4.9.2-10+deb8u1' --with-bugurl=file:///usr/share/doc/gcc-4.9/README.Bugs --enable-languages=c,c++,java,go,d,fortran,objc,obj-c++ --prefix=/usr --program-suffix=-4.9 --enable-shared --enable-linker-build-id --libexecdir=/usr/lib --without-included-gettext --enable-threads=posix --with-gxx-include-dir=/usr/include/c++/4.9 --libdir=/usr/lib --enable-nls --with-sysroot=/ --enable-clocale=gnu --enable-libstdcxx-debug --enable-libstdcxx-time=yes --enable-gnu-unique-object --disable-vtable-verify --enable-plugin --with-system-zlib --disable-browser-plugin --enable-java-awt=gtk --enable-gtk-cairo --with-java-home=/usr/lib/jvm/java-1.5.0-gcj-4.9-i386/jre --enable-java-home --with-jvm-root-dir=/usr/lib/jvm/java-1.5.0-gcj-4.9-i386 --with-jvm-jar-dir=/usr/lib/jvm-exports/java-1.5.0-gcj-4.9-i386 --with-arch-directory=i386 --with-ecj-jar=/usr/share/java/eclipse-ecj.jar --enable-objc-gc --enable-targets=all --enable-multiarch --with-arch-32=i586 --with-multilib-list=m32,m64,mx32 --enable-multilib --with-tune=generic --enable-checking=release --build=i586-linux-gnu --host=i586-linux-gnu --target=i586-linux-gnu]
  ignore line: [Thread model: posix]
  ignore line: [gcc version 4.9.2 (Debian 4.9.2-10+deb8u1) ]
  ignore line: [COMPILER_PATH=/usr/lib/gcc/i586-linux-gnu/4.9/:/usr/lib/gcc/i586-linux-gnu/4.9/:/usr/lib/gcc/i586-linux-gnu/:/usr/lib/gcc/i586-linux-gnu/4.9/:/usr/lib/gcc/i586-linux-gnu/]
  ignore line: [LIBRARY_PATH=/usr/lib/gcc/i586-linux-gnu/4.9/:/usr/lib/gcc/i586-linux-gnu/4.9/../../../i386-linux-gnu/:/usr/lib/gcc/i586-linux-gnu/4.9/../../../../lib/:/lib/i386-linux-gnu/:/lib/../lib/:/usr/lib/i386-linux-gnu/:/usr/lib/../lib/:/usr/lib/gcc/i586-linux-gnu/4.9/../../../:/lib/:/usr/lib/]
  ignore line: [COLLECT_GCC_OPTIONS='-v' '-o' 'cmTC_84379' '-rdynamic' '-shared-libgcc' '-mtune=generic' '-march=i586']
  link line: [ /usr/lib/gcc/i586-linux-gnu/4.9/collect2 -plugin /usr/lib/gcc/i586-linux-gnu/4.9/liblto_plugin.so -plugin-opt=/usr/lib/gcc/i586-linux-gnu/4.9/lto-wrapper -plugin-opt=-fresolution=/tmp/ccY3KLuU.res -plugin-opt=-pass-through=-lgcc_s -plugin-opt=-pass-through=-lgcc -plugin-opt=-pass-through=-lc -plugin-opt=-pass-through=-lgcc_s -plugin-opt=-pass-through=-lgcc --sysroot=/ --build-id --eh-frame-hdr -m elf_i386 --hash-style=gnu -export-dynamic -dynamic-linker /lib/ld-linux.so.2 -o cmTC_84379 /usr/lib/gcc/i586-linux-gnu/4.9/../../../i386-linux-gnu/crt1.o /usr/lib/gcc/i586-linux-gnu/4.9/../../../i386-linux-gnu/crti.o /usr/lib/gcc/i586-linux-gnu/4.9/crtbegin.o -L/usr/lib/gcc/i586-linux-gnu/4.9 -L/usr/lib/gcc/i586-linux-gnu/4.9/../../../i386-linux-gnu -L/usr/lib/gcc/i586-linux-gnu/4.9/../../../../lib -L/lib/i386-linux-gnu -L/lib/../lib -L/usr/lib/i386-linux-gnu -L/usr/lib/../lib -L/usr/lib/gcc/i586-linux-gnu/4.9/../../.. CMakeFiles/cmTC_84379.dir/CMakeCXXCompilerABI.cpp.o -lstdc++ -lm -lgcc_s -lgcc -lc -lgcc_s -lgcc /usr/lib/gcc/i586-linux-gnu/4.9/crtend.o /usr/lib/gcc/i586-linux-gnu/4.9/../../../i386-linux-gnu/crtn.o]
    arg [/usr/lib/gcc/i586-linux-gnu/4.9/collect2] ==> ignore
    arg [-plugin] ==> ignore
    arg [/usr/lib/gcc/i586-linux-gnu/4.9/liblto_plugin.so] ==> ignore
    arg [-plugin-opt=/usr/lib/gcc/i586-linux-gnu/4.9/lto-wrapper] ==> ignore
    arg [-plugin-opt=-fresolution=/tmp/ccY3KLuU.res] ==> ignore
    arg [-plugin-opt=-pass-through=-lgcc_s] ==> ignore
    arg [-plugin-opt=-pass-through=-lgcc] ==> ignore
    arg [-plugin-opt=-pass-through=-lc] ==> ignore
    arg [-plugin-opt=-pass-through=-lgcc_s] ==> ignore
    arg [-plugin-opt=-pass-through=-lgcc] ==> ignore
    arg [--sysroot=/] ==> ignore
    arg [--build-id] ==> ignore
    arg [--eh-frame-hdr] ==> ignore
    arg [-m] ==> ignore
    arg [elf_i386] ==> ignore
    arg [--hash-style=gnu] ==> ignore
    arg [-export-dynamic] ==> ignore
    arg [-dynamic-linker] ==> ignore
    arg [/lib/ld-linux.so.2] ==> ignore
    arg [-o] ==> ignore
    arg [cmTC_84379] ==> ignore
    arg [/usr/lib/gcc/i586-linux-gnu/4.9/../../../i386-linux-gnu/crt1.o] ==> ignore
    arg [/usr/lib/gcc/i586-linux-gnu/4.9/../../../i386-linux-gnu/crti.o] ==> ignore
    arg [/usr/lib/gcc/i586-linux-gnu/4.9/crtbegin.o] ==> ignore
    arg [-L/usr/lib/gcc/i586-linux-gnu/4.9] ==> dir [/usr/lib/gcc/i586-linux-gnu/4.9]
    arg [-L/usr/lib/gcc/i586-linux-gnu/4.9/../../../i386-linux-gnu] ==> dir [/usr/lib/gcc/i586-linux-gnu/4.9/../../../i386-linux-gnu]
    arg [-L/usr/lib/gcc/i586-linux-gnu/4.9/../../../../lib] ==> dir [/usr/lib/gcc/i586-linux-gnu/4.9/../../../../lib]
    arg [-L/lib/i386-linux-gnu] ==> dir [/lib/i386-linux-gnu]
    arg [-L/lib/../lib] ==> dir [/lib/../lib]
    arg [-L/usr/lib/i386-linux-gnu] ==> dir [/usr/lib/i386-linux-gnu]
    arg [-L/usr/lib/../lib] ==> dir [/usr/lib/../lib]
    arg [-L/usr/lib/gcc/i586-linux-gnu/4.9/../../..] ==> dir [/usr/lib/gcc/i586-linux-gnu/4.9/../../..]
    arg [CMakeFiles/cmTC_84379.dir/CMakeCXXCompilerABI.cpp.o] ==> ignore
    arg [-lstdc++] ==> lib [stdc++]
    arg [-lm] ==> lib [m]
    arg [-lgcc_s] ==> lib [gcc_s]
    arg [-lgcc] ==> lib [gcc]
    arg [-lc] ==> lib [c]
    arg [-lgcc_s] ==> lib [gcc_s]
    arg [-lgcc] ==> lib [gcc]
    arg [/usr/lib/gcc/i586-linux-gnu/4.9/crtend.o] ==> ignore
    arg [/usr/lib/gcc/i586-linux-gnu/4.9/../../../i386-linux-gnu/crtn.o] ==> ignore
  remove lib [gcc_s]
  remove lib [gcc]
  remove lib [gcc_s]
  remove lib [gcc]
  collapse library dir [/usr/lib/gcc/i586-linux-gnu/4.9] ==> [/usr/lib/gcc/i586-linux-gnu/4.9]
  collapse library dir [/usr/lib/gcc/i586-linux-gnu/4.9/../../../i386-linux-gnu] ==> [/usr/lib/i386-linux-gnu]
  collapse library dir [/usr/lib/gcc/i586-linux-gnu/4.9/../../../../lib] ==> [/usr/lib]
  collapse library dir [/lib/i386-linux-gnu] ==> [/lib/i386-linux-gnu]
  collapse library dir [/lib/../lib] ==> [/lib]
  collapse library dir [/usr/lib/i386-linux-gnu] ==> [/usr/lib/i386-linux-gnu]
  collapse library dir [/usr/lib/../lib] ==> [/usr/lib]
  collapse library dir [/usr/lib/gcc/i586-linux-gnu/4.9/../../..] ==> [/usr/lib]
  implicit libs: [stdc++;m;c]
  implicit dirs: [/usr/lib/gcc/i586-linux-gnu/4.9;/usr/lib/i386-linux-gnu;/usr/lib;/lib/i386-linux-gnu;/lib]
  implicit fwks: []




Detecting CXX [-std=c++14] compiler features compiled with the following output:
Change Dir: /home/munzir/project/krang/demos/23-mpc-hardware-experiment/build/CMakeFiles/CMakeTmp

Run Build Command:"/usr/bin/make" "cmTC_f10fe/fast"
/usr/bin/make -f CMakeFiles/cmTC_f10fe.dir/build.make CMakeFiles/cmTC_f10fe.dir/build
make[1]: Entering directory '/home/munzir/project/krang/demos/23-mpc-hardware-experiment/build/CMakeFiles/CMakeTmp'
Building CXX object CMakeFiles/cmTC_f10fe.dir/feature_tests.cxx.o
/usr/bin/c++     -std=c++14 -o CMakeFiles/cmTC_f10fe.dir/feature_tests.cxx.o -c /home/munzir/project/krang/demos/23-mpc-hardware-experiment/build/CMakeFiles/feature_tests.cxx
Linking CXX executable cmTC_f10fe
/usr/local/bin/cmake -E cmake_link_script CMakeFiles/cmTC_f10fe.dir/link.txt --verbose=1
/usr/bin/c++        CMakeFiles/cmTC_f10fe.dir/feature_tests.cxx.o  -o cmTC_f10fe -rdynamic 
make[1]: Leaving directory '/home/munzir/project/krang/demos/23-mpc-hardware-experiment/build/CMakeFiles/CMakeTmp'


    Feature record: CXX_FEATURE:0cxx_aggregate_default_initializers
    Feature record: CXX_FEATURE:1cxx_alias_templates
    Feature record: CXX_FEATURE:1cxx_alignas
    Feature record: CXX_FEATURE:1cxx_alignof
    Feature record: CXX_FEATURE:1cxx_attributes
    Feature record: CXX_FEATURE:1cxx_attribute_deprecated
    Feature record: CXX_FEATURE:1cxx_auto_type
    Feature record: CXX_FEATURE:1cxx_binary_literals
    Feature record: CXX_FEATURE:1cxx_constexpr
    Feature record: CXX_FEATURE:1cxx_contextual_conversions
    Feature record: CXX_FEATURE:1cxx_decltype
    Feature record: CXX_FEATURE:1cxx_decltype_auto
    Feature record: CXX_FEATURE:1cxx_decltype_incomplete_return_types
    Feature record: CXX_FEATURE:1cxx_default_function_template_args
    Feature record: CXX_FEATURE:1cxx_defaulted_functions
    Feature record: CXX_FEATURE:1cxx_defaulted_move_initializers
    Feature record: CXX_FEATURE:1cxx_delegating_constructors
    Feature record: CXX_FEATURE:1cxx_deleted_functions
    Feature record: CXX_FEATURE:1cxx_digit_separators
    Feature record: CXX_FEATURE:1cxx_enum_forward_declarations
    Feature record: CXX_FEATURE:1cxx_explicit_conversions
    Feature record: CXX_FEATURE:1cxx_extended_friend_declarations
    Feature record: CXX_FEATURE:1cxx_extern_templates
    Feature record: CXX_FEATURE:1cxx_final
    Feature record: CXX_FEATURE:1cxx_func_identifier
    Feature record: CXX_FEATURE:1cxx_generalized_initializers
    Feature record: CXX_FEATURE:1cxx_generic_lambdas
    Feature record: CXX_FEATURE:1cxx_inheriting_constructors
    Feature record: CXX_FEATURE:1cxx_inline_namespaces
    Feature record: CXX_FEATURE:1cxx_lambdas
    Feature record: CXX_FEATURE:1cxx_lambda_init_captures
    Feature record: CXX_FEATURE:1cxx_local_type_template_args
    Feature record: CXX_FEATURE:1cxx_long_long_type
    Feature record: CXX_FEATURE:1cxx_noexcept
    Feature record: CXX_FEATURE:1cxx_nonstatic_member_init
    Feature record: CXX_FEATURE:1cxx_nullptr
    Feature record: CXX_FEATURE:1cxx_override
    Feature record: CXX_FEATURE:1cxx_range_for
    Feature record: CXX_FEATURE:1cxx_raw_string_literals
    Feature record: CXX_FEATURE:1cxx_reference_qualified_functions
    Feature record: CXX_FEATURE:0cxx_relaxed_constexpr
    Feature record: CXX_FEATURE:1cxx_return_type_deduction
    Feature record: CXX_FEATURE:1cxx_right_angle_brackets
    Feature record: CXX_FEATURE:1cxx_rvalue_references
    Feature record: CXX_FEATURE:1cxx_sizeof_member
    Feature record: CXX_FEATURE:1cxx_static_assert
    Feature record: CXX_FEATURE:1cxx_strong_enums
    Feature record: CXX_FEATURE:1cxx_template_template_parameters
    Feature record: CXX_FEATURE:1cxx_thread_local
    Feature record: CXX_FEATURE:1cxx_trailing_return_types
    Feature record: CXX_FEATURE:1cxx_unicode_literals
    Feature record: CXX_FEATURE:1cxx_uniform_initialization
    Feature record: CXX_FEATURE:1cxx_unrestricted_unions
    Feature record: CXX_FEATURE:1cxx_user_literals
    Feature record: CXX_FEATURE:0cxx_variable_templates
    Feature record: CXX_FEATURE:1cxx_variadic_macros
    Feature record: CXX_FEATURE:1cxx_variadic_templates


Detecting CXX [-std=c++11] compiler features compiled with the following output:
Change Dir: /home/munzir/project/krang/demos/23-mpc-hardware-experiment/build/CMakeFiles/CMakeTmp

Run Build Command:"/usr/bin/make" "cmTC_8d542/fast"
/usr/bin/make -f CMakeFiles/cmTC_8d542.dir/build.make CMakeFiles/cmTC_8d542.dir/build
make[1]: Entering directory '/home/munzir/project/krang/demos/23-mpc-hardware-experiment/build/CMakeFiles/CMakeTmp'
Building CXX object CMakeFiles/cmTC_8d542.dir/feature_tests.cxx.o
/usr/bin/c++     -std=c++11 -o CMakeFiles/cmTC_8d542.dir/feature_tests.cxx.o -c /home/munzir/project/krang/demos/23-mpc-hardware-experiment/build/CMakeFiles/feature_tests.cxx
Linking CXX executable cmTC_8d542
/usr/local/bin/cmake -E cmake_link_script CMakeFiles/cmTC_8d542.dir/link.txt --verbose=1
/usr/bin/c++        CMakeFiles/cmTC_8d542.dir/feature_tests.cxx.o  -o cmTC_8d542 -rdynamic 
make[1]: Leaving directory '/home/munzir/project/krang/demos/23-mpc-hardware-experiment/build/CMakeFiles/CMakeTmp'


    Feature record: CXX_FEATURE:0cxx_aggregate_default_initializers
    Feature record: CXX_FEATURE:1cxx_alias_templates
    Feature record: CXX_FEATURE:1cxx_alignas
    Feature record: CXX_FEATURE:1cxx_alignof
    Feature record: CXX_FEATURE:1cxx_attributes
    Feature record: CXX_FEATURE:0cxx_attribute_deprecated
    Feature record: CXX_FEATURE:1cxx_auto_type
    Feature record: CXX_FEATURE:0cxx_binary_literals
    Feature record: CXX_FEATURE:1cxx_constexpr
    Feature record: CXX_FEATURE:0cxx_contextual_conversions
    Feature record: CXX_FEATURE:1cxx_decltype
    Feature record: CXX_FEATURE:0cxx_decltype_auto
    Feature record: CXX_FEATURE:1cxx_decltype_incomplete_return_types
    Feature record: CXX_FEATURE:1cxx_default_function_template_args
    Feature record: CXX_FEATURE:1cxx_defaulted_functions
    Feature record: CXX_FEATURE:1cxx_defaulted_move_initializers
    Feature record: CXX_FEATURE:1cxx_delegating_constructors
    Feature record: CXX_FEATURE:1cxx_deleted_functions
    Feature record: CXX_FEATURE:0cxx_digit_separators
    Feature record: CXX_FEATURE:1cxx_enum_forward_declarations
    Feature record: CXX_FEATURE:1cxx_explicit_conversions
    Feature record: CXX_FEATURE:1cxx_extended_friend_declarations
    Feature record: CXX_FEATURE:1cxx_extern_templates
    Feature record: CXX_FEATURE:1cxx_final
    Feature record: CXX_FEATURE:1cxx_func_identifier
    Feature record: CXX_FEATURE:1cxx_generalized_initializers
    Feature record: CXX_FEATURE:0cxx_generic_lambdas
    Feature record: CXX_FEATURE:1cxx_inheriting_constructors
    Feature record: CXX_FEATURE:1cxx_inline_namespaces
    Feature record: CXX_FEATURE:1cxx_lambdas
    Feature record: CXX_FEATURE:0cxx_lambda_init_captures
    Feature record: CXX_FEATURE:1cxx_local_type_template_args
    Feature record: CXX_FEATURE:1cxx_long_long_type
    Feature record: CXX_FEATURE:1cxx_noexcept
    Feature record: CXX_FEATURE:1cxx_nonstatic_member_init
    Feature record: CXX_FEATURE:1cxx_nullptr
    Feature record: CXX_FEATURE:1cxx_override
    Feature record: CXX_FEATURE:1cxx_range_for
    Feature record: CXX_FEATURE:1cxx_raw_string_literals
    Feature record: CXX_FEATURE:1cxx_reference_qualified_functions
    Feature record: CXX_FEATURE:0cxx_relaxed_constexpr
    Feature record: CXX_FEATURE:0cxx_return_type_deduction
    Feature record: CXX_FEATURE:1cxx_right_angle_brackets
    Feature record: CXX_FEATURE:1cxx_rvalue_references
    Feature record: CXX_FEATURE:1cxx_sizeof_member
    Feature record: CXX_FEATURE:1cxx_static_assert
    Feature record: CXX_FEATURE:1cxx_strong_enums
    Feature record: CXX_FEATURE:1cxx_template_template_parameters
    Feature record: CXX_FEATURE:1cxx_thread_local
    Feature record: CXX_FEATURE:1cxx_trailing_return_types
    Feature record: CXX_FEATURE:1cxx_unicode_literals
    Feature record: CXX_FEATURE:1cxx_uniform_initialization
    Feature record: CXX_FEATURE:1cxx_unrestricted_unions
    Feature record: CXX_FEATURE:1cxx_user_literals
    Feature record: CXX_FEATURE:0cxx_variable_templates
    Feature record: CXX_FEATURE:1cxx_variadic_macros
    Feature record: CXX_FEATURE:1cxx_variadic_templates


Detecting CXX [-std=c++98] compiler features compiled with the following output:
Change Dir: /home/munzir/project/krang/demos/23-mpc-hardware-experiment/build/CMakeFiles/CMakeTmp

Run Build Command:"/usr/bin/make" "cmTC_d4f5e/fast"
/usr/bin/make -f CMakeFiles/cmTC_d4f5e.dir/build.make CMakeFiles/cmTC_d4f5e.dir/build
make[1]: Entering directory '/home/munzir/project/krang/demos/23-mpc-hardware-experiment/build/CMakeFiles/CMakeTmp'
Building CXX object CMakeFiles/cmTC_d4f5e.dir/feature_tests.cxx.o
/usr/bin/c++     -std=c++98 -o CMakeFiles/cmTC_d4f5e.dir/feature_tests.cxx.o -c /home/munzir/project/krang/demos/23-mpc-hardware-experiment/build/CMakeFiles/feature_tests.cxx
Linking CXX executable cmTC_d4f5e
/usr/local/bin/cmake -E cmake_link_script CMakeFiles/cmTC_d4f5e.dir/link.txt --verbose=1
/usr/bin/c++        CMakeFiles/cmTC_d4f5e.dir/feature_tests.cxx.o  -o cmTC_d4f5e -rdynamic 
make[1]: Leaving directory '/home/munzir/project/krang/demos/23-mpc-hardware-experiment/build/CMakeFiles/CMakeTmp'


    Feature record: CXX_FEATURE:0cxx_aggregate_default_initializers
    Feature record: CXX_FEATURE:0cxx_alias_templates
    Feature record: CXX_FEATURE:0cxx_alignas
    Feature record: CXX_FEATURE:0cxx_alignof
    Feature record: CXX_FEATURE:0cxx_attributes
    Feature record: CXX_FEATURE:0cxx_attribute_deprecated
    Feature record: CXX_FEATURE:0cxx_auto_type
    Feature record: CXX_FEATURE:0cxx_binary_literals
    Feature record: CXX_FEATURE:0cxx_constexpr
    Feature record: CXX_FEATURE:0cxx_contextual_conversions
    Feature record: CXX_FEATURE:0cxx_decltype
    Feature record: CXX_FEATURE:0cxx_decltype_auto
    Feature record: CXX_FEATURE:0cxx_decltype_incomplete_return_types
    Feature record: CXX_FEATURE:0cxx_default_function_template_args
    Feature record: CXX_FEATURE:0cxx_defaulted_functions
    Feature record: CXX_FEATURE:0cxx_defaulted_move_initializers
    Feature record: CXX_FEATURE:0cxx_delegating_constructors
    Feature record: CXX_FEATURE:0cxx_deleted_functions
    Feature record: CXX_FEATURE:0cxx_digit_separators
    Feature record: CXX_FEATURE:0cxx_enum_forward_declarations
    Feature record: CXX_FEATURE:0cxx_explicit_conversions
    Feature record: CXX_FEATURE:0cxx_extended_friend_declarations
    Feature record: CXX_FEATURE:0cxx_extern_templates
    Feature record: CXX_FEATURE:0cxx_final
    Feature record: CXX_FEATURE:0cxx_func_identifier
    Feature record: CXX_FEATURE:0cxx_generalized_initializers
    Feature record: CXX_FEATURE:0cxx_generic_lambdas
    Feature record: CXX_FEATURE:0cxx_inheriting_constructors
    Feature record: CXX_FEATURE:0cxx_inline_namespaces
    Feature record: CXX_FEATURE:0cxx_lambdas
    Feature record: CXX_FEATURE:0cxx_lambda_init_captures
    Feature record: CXX_FEATURE:0cxx_local_type_template_args
    Feature record: CXX_FEATURE:0cxx_long_long_type
    Feature record: CXX_FEATURE:0cxx_noexcept
    Feature record: CXX_FEATURE:0cxx_nonstatic_member_init
    Feature record: CXX_FEATURE:0cxx_nullptr
    Feature record: CXX_FEATURE:0cxx_override
    Feature record: CXX_FEATURE:0cxx_range_for
    Feature record: CXX_FEATURE:0cxx_raw_string_literals
    Feature record: CXX_FEATURE:0cxx_reference_qualified_functions
    Feature record: CXX_FEATURE:0cxx_relaxed_constexpr
    Feature record: CXX_FEATURE:0cxx_return_type_deduction
    Feature record: CXX_FEATURE:0cxx_right_angle_brackets
    Feature record: CXX_FEATURE:0cxx_rvalue_references
    Feature record: CXX_FEATURE:0cxx_sizeof_member
    Feature record: CXX_FEATURE:0cxx_static_assert
    Feature record: CXX_FEATURE:0cxx_strong_enums
    Feature record: CXX_FEATURE:1cxx_template_template_parameters
    Feature record: CXX_FEATURE:0cxx_thread_local
    Feature record: CXX_FEATURE:0cxx_trailing_return_types
    Feature record: CXX_FEATURE:0cxx_unicode_literals
    Feature record: CXX_FEATURE:0cxx_uniform_initialization
    Feature record: CXX_FEATURE:0cxx_unrestricted_unions
    Feature record: CXX_FEATURE:0cxx_user_literals
    Feature record: CXX_FEATURE:0cxx_variable_templates
    Feature record: CXX_FEATURE:0cxx_variadic_macros
    Feature record: CXX_FEATURE:0cxx_variadic_templates
